g:\projects\vs2015 projects\finished\image_entropy\image_entropy\debug\image_entropy.pch
g:\projects\vs2015 projects\finished\image_entropy\image_entropy\debug\vc140.pdb
g:\projects\vs2015 projects\finished\image_entropy\image_entropy\debug\vc140.idb
g:\projects\vs2015 projects\finished\image_entropy\image_entropy\debug\stdafx.obj
g:\projects\vs2015 projects\finished\image_entropy\image_entropy\debug\image_entropy.obj
g:\learning\科创计划\image 量化度量\project\image_entropy\debug\image_entropy.pch
g:\learning\科创计划\image 量化度量\project\image_entropy\debug\vc140.pdb
g:\learning\科创计划\image 量化度量\project\image_entropy\debug\vc140.idb
g:\learning\科创计划\image 量化度量\project\image_entropy\debug\stdafx.obj
g:\learning\科创计划\image 量化度量\project\image_entropy\debug\image_entropy.obj
g:\projects\vs2015 projects\finished\image_entropy\debug\image_entropy.ilk
g:\projects\vs2015 projects\finished\image_entropy\debug\image_entropy.exe
g:\projects\vs2015 projects\finished\image_entropy\debug\image_entropy.pdb
g:\learning\科创计划\image 量化度量\project\debug\image_entropy.ilk
g:\learning\科创计划\image 量化度量\project\debug\image_entropy.exe
g:\learning\科创计划\image 量化度量\project\debug\image_entropy.pdb
g:\learning\科创计划\image 量化度量\project\image_entropy\debug\image_entropy.tlog\cl.command.1.tlog
g:\learning\科创计划\image 量化度量\project\image_entropy\debug\image_entropy.tlog\cl.read.1.tlog
g:\learning\科创计划\image 量化度量\project\image_entropy\debug\image_entropy.tlog\cl.write.1.tlog
g:\learning\科创计划\image 量化度量\project\image_entropy\debug\image_entropy.tlog\link.command.1.tlog
g:\learning\科创计划\image 量化度量\project\image_entropy\debug\image_entropy.tlog\link.read.1.tlog
g:\learning\科创计划\image 量化度量\project\image_entropy\debug\image_entropy.tlog\link.write.1.tlog
