生成启动时间为 2016/10/28 星期五 13:37:48。
     1>项目“F:\OpenCV\Project2016\practices\VideoBGS\VideoBGS\VideoBGS.vcxproj”在节点 2 上(Rebuild 个目标)。
     1>ClCompile:
         F:\VS2013\install\VC\bin\CL.exe /c /ZI /nologo /W3 /WX- /Od /Oy- /D WIN32 /D _DEBUG /D _CONSOLE /D _LIB /D _UNICODE /D UNICODE /Gm /EHsc /RTC1 /MDd /GS /fp:precise /Zc:wchar_t /Zc:forScope /Fo"Debug\\" /Fd"Debug\vc120.pdb" /Gd /TP /analyze- /errorReport:prompt main.cpp
         main.cpp
       Link:
         F:\VS2013\install\VC\bin\link.exe /ERRORREPORT:PROMPT /OUT:"F:\OpenCV\Project2016\practices\VideoBGS\Debug\VideoBGS.exe" /INCREMENTAL /NOLOGO opencv_ml2410d.lib opencv_calib3d2410d.lib opencv_contrib2410d.lib opencv_core2410d.lib opencv_features2d2410d.lib opencv_flann2410d.lib opencv_gpu2410d.lib opencv_highgui2410d.lib opencv_imgproc2410d.lib opencv_legacy2410d.lib opencv_objdetect2410d.lib opencv_ts2410d.lib opencv_video2410d.lib opencv_nonfree2410d.lib opencv_ocl2410d.lib opencv_photo2410d.lib opencv_stitching2410d.lib opencv_superres2410d.lib opencv_videostab2410d.lib opencv_ml2410d.lib opencv_calib3d2410d.lib opencv_contrib2410d.lib opencv_core2410d.lib opencv_features2d2410d.lib opencv_flann2410d.lib opencv_gpu2410d.lib opencv_highgui2410d.lib opencv_imgproc2410d.lib opencv_legacy2410d.lib opencv_objdetect2410d.lib opencv_ts2410d.lib opencv_video2410d.lib opencv_nonfree2410d.lib opencv_ocl2410d.lib opencv_photo2410d.lib opencv_stitching2410d.lib opencv_superres2410d.lib opencv_videostab2410d.lib opencv_objdetect2410.lib opencv_ts2410.lib opencv_video2410.lib opencv_nonfree2410.lib opencv_ocl2410.lib opencv_photo2410.lib opencv_stitching2410.lib opencv_superres2410.lib opencv_videostab2410.lib opencv_calib3d2410.lib opencv_contrib2410.lib opencv_core2410.lib opencv_features2d2410.lib opencv_flann2410.lib opencv_gpu2410.lib opencv_highgui2410.lib opencv_imgproc2410.lib opencv_legacy2410.lib opencv_ml2410.lib kernel32.lib user32.lib gdi32.lib winspool.lib comdlg32.lib advapi32.lib shell32.lib ole32.lib oleaut32.lib uuid.lib odbc32.lib odbccp32.lib /MANIFEST /MANIFESTUAC:"level='asInvoker' uiAccess='false'" /manifest:embed /DEBUG /PDB:"F:\OpenCV\Project2016\practices\VideoBGS\Debug\VideoBGS.pdb" /SUBSYSTEM:CONSOLE /TLBID:1 /DYNAMICBASE /NXCOMPAT /IMPLIB:"F:\OpenCV\Project2016\practices\VideoBGS\Debug\VideoBGS.lib" /MACHINE:X86 Debug\main.obj
     1>opencv_core2410d.lib(alloc.obj) : error LNK2038: 检测到“RuntimeLibrary”的不匹配项:  值“MTd_StaticDebug”不匹配值“MDd_DynamicDebug”(main.obj 中)
     1>opencv_core2410d.lib(matrix.obj) : error LNK2038: 检测到“RuntimeLibrary”的不匹配项:  值“MTd_StaticDebug”不匹配值“MDd_DynamicDebug”(main.obj 中)
     1>opencv_core2410d.lib(convert.obj) : error LNK2038: 检测到“RuntimeLibrary”的不匹配项:  值“MTd_StaticDebug”不匹配值“MDd_DynamicDebug”(main.obj 中)
     1>opencv_core2410d.lib(arithm.obj) : error LNK2038: 检测到“RuntimeLibrary”的不匹配项:  值“MTd_StaticDebug”不匹配值“MDd_DynamicDebug”(main.obj 中)
     1>opencv_core2410d.lib(system.obj) : error LNK2038: 检测到“RuntimeLibrary”的不匹配项:  值“MTd_StaticDebug”不匹配值“MDd_DynamicDebug”(main.obj 中)
     1>opencv_core2410d.lib(opencv_core_pch.obj) : error LNK2038: 检测到“RuntimeLibrary”的不匹配项:  值“MTd_StaticDebug”不匹配值“MDd_DynamicDebug”(main.obj 中)
     1>opencv_core2410d.lib(copy.obj) : error LNK2038: 检测到“RuntimeLibrary”的不匹配项:  值“MTd_StaticDebug”不匹配值“MDd_DynamicDebug”(main.obj 中)
     1>opencv_core2410d.lib(stat.obj) : error LNK2038: 检测到“RuntimeLibrary”的不匹配项:  值“MTd_StaticDebug”不匹配值“MDd_DynamicDebug”(main.obj 中)
     1>opencv_core2410d.lib(rand.obj) : error LNK2038: 检测到“RuntimeLibrary”的不匹配项:  值“MTd_StaticDebug”不匹配值“MDd_DynamicDebug”(main.obj 中)
     1>opencv_core2410d.lib(parallel.obj) : error LNK2038: 检测到“RuntimeLibrary”的不匹配项:  值“MTd_StaticDebug”不匹配值“MDd_DynamicDebug”(main.obj 中)
     1>opencv_core2410d.lib(matop.obj) : error LNK2038: 检测到“RuntimeLibrary”的不匹配项:  值“MTd_StaticDebug”不匹配值“MDd_DynamicDebug”(main.obj 中)
     1>opencv_core2410d.lib(array.obj) : error LNK2038: 检测到“RuntimeLibrary”的不匹配项:  值“MTd_StaticDebug”不匹配值“MDd_DynamicDebug”(main.obj 中)
     1>opencv_core2410d.lib(datastructs.obj) : error LNK2038: 检测到“RuntimeLibrary”的不匹配项:  值“MTd_StaticDebug”不匹配值“MDd_DynamicDebug”(main.obj 中)
     1>opencv_core2410d.lib(gpumat.obj) : error LNK2038: 检测到“RuntimeLibrary”的不匹配项:  值“MTd_StaticDebug”不匹配值“MDd_DynamicDebug”(main.obj 中)
     1>opencv_core2410d.lib(opengl_interop_deprecated.obj) : error LNK2038: 检测到“RuntimeLibrary”的不匹配项:  值“MTd_StaticDebug”不匹配值“MDd_DynamicDebug”(main.obj 中)
     1>opencv_core2410d.lib(opengl_interop.obj) : error LNK2038: 检测到“RuntimeLibrary”的不匹配项:  值“MTd_StaticDebug”不匹配值“MDd_DynamicDebug”(main.obj 中)
     1>opencv_core2410d.lib(tables.obj) : error LNK2038: 检测到“RuntimeLibrary”的不匹配项:  值“MTd_StaticDebug”不匹配值“MDd_DynamicDebug”(main.obj 中)
     1>opencv_core2410d.lib(matmul.obj) : error LNK2038: 检测到“RuntimeLibrary”的不匹配项:  值“MTd_StaticDebug”不匹配值“MDd_DynamicDebug”(main.obj 中)
     1>opencv_core2410d.lib(lapack.obj) : error LNK2038: 检测到“RuntimeLibrary”的不匹配项:  值“MTd_StaticDebug”不匹配值“MDd_DynamicDebug”(main.obj 中)
     1>opencv_core2410d.lib(persistence.obj) : error LNK2038: 检测到“RuntimeLibrary”的不匹配项:  值“MTd_StaticDebug”不匹配值“MDd_DynamicDebug”(main.obj 中)
     1>opencv_core2410d.lib(mathfuncs.obj) : error LNK2038: 检测到“RuntimeLibrary”的不匹配项:  值“MTd_StaticDebug”不匹配值“MDd_DynamicDebug”(main.obj 中)
     1>opencv_highgui2410d.lib(window.obj) : error LNK2038: 检测到“RuntimeLibrary”的不匹配项:  值“MTd_StaticDebug”不匹配值“MDd_DynamicDebug”(main.obj 中)
     1>opencv_highgui2410d.lib(cap.obj) : error LNK2038: 检测到“RuntimeLibrary”的不匹配项:  值“MTd_StaticDebug”不匹配值“MDd_DynamicDebug”(main.obj 中)
     1>opencv_highgui2410d.lib(opencv_highgui_pch.obj) : error LNK2038: 检测到“RuntimeLibrary”的不匹配项:  值“MTd_StaticDebug”不匹配值“MDd_DynamicDebug”(main.obj 中)
     1>opencv_highgui2410d.lib(window_w32.obj) : error LNK2038: 检测到“RuntimeLibrary”的不匹配项:  值“MTd_StaticDebug”不匹配值“MDd_DynamicDebug”(main.obj 中)
     1>opencv_highgui2410d.lib(cap_vfw.obj) : error LNK2038: 检测到“RuntimeLibrary”的不匹配项:  值“MTd_StaticDebug”不匹配值“MDd_DynamicDebug”(main.obj 中)
     1>opencv_highgui2410d.lib(cap_dshow.obj) : error LNK2038: 检测到“RuntimeLibrary”的不匹配项:  值“MTd_StaticDebug”不匹配值“MDd_DynamicDebug”(main.obj 中)
     1>opencv_highgui2410d.lib(cap_images.obj) : error LNK2038: 检测到“RuntimeLibrary”的不匹配项:  值“MTd_StaticDebug”不匹配值“MDd_DynamicDebug”(main.obj 中)
     1>opencv_highgui2410d.lib(cap_ffmpeg.obj) : error LNK2038: 检测到“RuntimeLibrary”的不匹配项:  值“MTd_StaticDebug”不匹配值“MDd_DynamicDebug”(main.obj 中)
     1>opencv_highgui2410d.lib(utils.obj) : error LNK2038: 检测到“RuntimeLibrary”的不匹配项:  值“MTd_StaticDebug”不匹配值“MDd_DynamicDebug”(main.obj 中)
     1>opencv_highgui2410d.lib(loadsave.obj) : error LNK2038: 检测到“RuntimeLibrary”的不匹配项:  值“MTd_StaticDebug”不匹配值“MDd_DynamicDebug”(main.obj 中)
     1>opencv_highgui2410d.lib(grfmt_bmp.obj) : error LNK2038: 检测到“RuntimeLibrary”的不匹配项:  值“MTd_StaticDebug”不匹配值“MDd_DynamicDebug”(main.obj 中)
     1>opencv_highgui2410d.lib(grfmt_sunras.obj) : error LNK2038: 检测到“RuntimeLibrary”的不匹配项:  值“MTd_StaticDebug”不匹配值“MDd_DynamicDebug”(main.obj 中)
     1>opencv_highgui2410d.lib(grfmt_jpeg.obj) : error LNK2038: 检测到“RuntimeLibrary”的不匹配项:  值“MTd_StaticDebug”不匹配值“MDd_DynamicDebug”(main.obj 中)
     1>opencv_highgui2410d.lib(grfmt_pxm.obj) : error LNK2038: 检测到“RuntimeLibrary”的不匹配项:  值“MTd_StaticDebug”不匹配值“MDd_DynamicDebug”(main.obj 中)
     1>opencv_highgui2410d.lib(grfmt_tiff.obj) : error LNK2038: 检测到“RuntimeLibrary”的不匹配项:  值“MTd_StaticDebug”不匹配值“MDd_DynamicDebug”(main.obj 中)
     1>opencv_highgui2410d.lib(grfmt_png.obj) : error LNK2038: 检测到“RuntimeLibrary”的不匹配项:  值“MTd_StaticDebug”不匹配值“MDd_DynamicDebug”(main.obj 中)
     1>opencv_highgui2410d.lib(grfmt_jpeg2000.obj) : error LNK2038: 检测到“RuntimeLibrary”的不匹配项:  值“MTd_StaticDebug”不匹配值“MDd_DynamicDebug”(main.obj 中)
     1>opencv_highgui2410d.lib(grfmt_exr.obj) : error LNK2038: 检测到“RuntimeLibrary”的不匹配项:  值“MTd_StaticDebug”不匹配值“MDd_DynamicDebug”(main.obj 中)
     1>opencv_highgui2410d.lib(bitstrm.obj) : error LNK2038: 检测到“RuntimeLibrary”的不匹配项:  值“MTd_StaticDebug”不匹配值“MDd_DynamicDebug”(main.obj 中)
     1>opencv_highgui2410d.lib(grfmt_base.obj) : error LNK2038: 检测到“RuntimeLibrary”的不匹配项:  值“MTd_StaticDebug”不匹配值“MDd_DynamicDebug”(main.obj 中)
     1>opencv_imgproc2410d.lib(accum.obj) : error LNK2038: 检测到“RuntimeLibrary”的不匹配项:  值“MTd_StaticDebug”不匹配值“MDd_DynamicDebug”(main.obj 中)
     1>opencv_imgproc2410d.lib(thresh.obj) : error LNK2038: 检测到“RuntimeLibrary”的不匹配项:  值“MTd_StaticDebug”不匹配值“MDd_DynamicDebug”(main.obj 中)
     1>opencv_imgproc2410d.lib(color.obj) : error LNK2038: 检测到“RuntimeLibrary”的不匹配项:  值“MTd_StaticDebug”不匹配值“MDd_DynamicDebug”(main.obj 中)
     1>opencv_imgproc2410d.lib(opencv_imgproc_pch.obj) : error LNK2038: 检测到“RuntimeLibrary”的不匹配项:  值“MTd_StaticDebug”不匹配值“MDd_DynamicDebug”(main.obj 中)
     1>opencv_imgproc2410d.lib(smooth.obj) : error LNK2038: 检测到“RuntimeLibrary”的不匹配项:  值“MTd_StaticDebug”不匹配值“MDd_DynamicDebug”(main.obj 中)
     1>opencv_imgproc2410d.lib(tables.obj) : error LNK2038: 检测到“RuntimeLibrary”的不匹配项:  值“MTd_StaticDebug”不匹配值“MDd_DynamicDebug”(main.obj 中)
     1>opencv_imgproc2410d.lib(filter.obj) : error LNK2038: 检测到“RuntimeLibrary”的不匹配项:  值“MTd_StaticDebug”不匹配值“MDd_DynamicDebug”(main.obj 中)
     1>opencv_imgproc2410d.lib(utils.obj) : error LNK2038: 检测到“RuntimeLibrary”的不匹配项:  值“MTd_StaticDebug”不匹配值“MDd_DynamicDebug”(main.obj 中)
     1>opencv_imgproc2410d.lib(templmatch.obj) : error LNK2038: 检测到“RuntimeLibrary”的不匹配项:  值“MTd_StaticDebug”不匹配值“MDd_DynamicDebug”(main.obj 中)
     1>opencv_imgproc2410d.lib(sumpixels.obj) : error LNK2038: 检测到“RuntimeLibrary”的不匹配项:  值“MTd_StaticDebug”不匹配值“MDd_DynamicDebug”(main.obj 中)
     1>opencv_core2410.lib(dxt.obj) : error LNK2038: 检测到“_ITERATOR_DEBUG_LEVEL”的不匹配项:  值“0”不匹配值“2”(main.obj 中)
     1>opencv_core2410.lib(dxt.obj) : error LNK2038: 检测到“RuntimeLibrary”的不匹配项:  值“MT_StaticRelease”不匹配值“MDd_DynamicDebug”(main.obj 中)
     1>opencv_core2410.lib(opencv_core_pch.obj) : error LNK2038: 检测到“_ITERATOR_DEBUG_LEVEL”的不匹配项:  值“0”不匹配值“2”(main.obj 中)
     1>opencv_core2410.lib(opencv_core_pch.obj) : error LNK2038: 检测到“RuntimeLibrary”的不匹配项:  值“MT_StaticRelease”不匹配值“MDd_DynamicDebug”(main.obj 中)
     1>msvcprtd.lib(MSVCP120D.dll) : error LNK2005: "public: __thiscall std::_Container_base12::_Container_base12(void)" (??0_Container_base12@std@@QAE@XZ) 已经在 opencv_core2410d.lib(alloc.obj) 中定义
     1>msvcprtd.lib(MSVCP120D.dll) : error LNK2005: "public: __thiscall std::_Container_base12::~_Container_base12(void)" (??1_Container_base12@std@@QAE@XZ) 已经在 opencv_core2410d.lib(alloc.obj) 中定义
     1>msvcprtd.lib(MSVCP120D.dll) : error LNK2005: "public: void __thiscall std::_Container_base12::_Orphan_all(void)" (?_Orphan_all@_Container_base12@std@@QAEXXZ) 已经在 opencv_core2410d.lib(alloc.obj) 中定义
     1>msvcprtd.lib(MSVCP120D.dll) : error LNK2005: "public: __thiscall std::locale::id::id(unsigned int)" (??0id@locale@std@@QAE@I@Z) 已经在 opencv_core2410d.lib(opencv_core_pch.obj) 中定义
     1>libcpmtd.lib(locale0.obj) : error LNK2038: 检测到“RuntimeLibrary”的不匹配项:  值“MTd_StaticDebug”不匹配值“MDd_DynamicDebug”(main.obj 中)
     1>libcpmtd.lib(locale0.obj) : error LNK2005: "void __cdecl std::_Facet_Register(class std::_Facet_base *)" (?_Facet_Register@std@@YAXPAV_Facet_base@1@@Z) 已经在 msvcprtd.lib(locale0_implib.obj) 中定义
     1>libcpmtd.lib(locale0.obj) : error LNK2005: "private: static class std::locale::_Locimp * __cdecl std::locale::_Getgloballocale(void)" (?_Getgloballocale@locale@std@@CAPAV_Locimp@12@XZ) 已经在 msvcprtd.lib(MSVCP120D.dll) 中定义
     1>libcpmtd.lib(locale0.obj) : error LNK2005: "public: static void __cdecl std::_Locinfo::_Locinfo_ctor(class std::_Locinfo *,char const *)" (?_Locinfo_ctor@_Locinfo@std@@SAXPAV12@PBD@Z) 已经在 msvcprtd.lib(MSVCP120D.dll) 中定义
     1>libcpmtd.lib(locale0.obj) : error LNK2005: "public: static void __cdecl std::_Locinfo::_Locinfo_dtor(class std::_Locinfo *)" (?_Locinfo_dtor@_Locinfo@std@@SAXPAV12@@Z) 已经在 msvcprtd.lib(MSVCP120D.dll) 中定义
     1>libcpmtd.lib(cerr.obj) : error LNK2038: 检测到“RuntimeLibrary”的不匹配项:  值“MTd_StaticDebug”不匹配值“MDd_DynamicDebug”(main.obj 中)
     1>libcpmtd.lib(iosptrs.obj) : error LNK2038: 检测到“RuntimeLibrary”的不匹配项:  值“MTd_StaticDebug”不匹配值“MDd_DynamicDebug”(main.obj 中)
     1>libcpmtd.lib(locale.obj) : error LNK2038: 检测到“RuntimeLibrary”的不匹配项:  值“MTd_StaticDebug”不匹配值“MDd_DynamicDebug”(main.obj 中)
     1>libcpmtd.lib(xlock.obj) : error LNK2038: 检测到“RuntimeLibrary”的不匹配项:  值“MTd_StaticDebug”不匹配值“MDd_DynamicDebug”(main.obj 中)
     1>libcpmtd.lib(xlock.obj) : error LNK2005: "public: __thiscall std::_Lockit::_Lockit(int)" (??0_Lockit@std@@QAE@H@Z) 已经在 msvcprtd.lib(MSVCP120D.dll) 中定义
     1>libcpmtd.lib(xlock.obj) : error LNK2005: "public: __thiscall std::_Lockit::~_Lockit(void)" (??1_Lockit@std@@QAE@XZ) 已经在 msvcprtd.lib(MSVCP120D.dll) 中定义
     1>libcpmtd.lib(ios.obj) : error LNK2038: 检测到“RuntimeLibrary”的不匹配项:  值“MTd_StaticDebug”不匹配值“MDd_DynamicDebug”(main.obj 中)
     1>libcpmtd.lib(xthrow.obj) : error LNK2038: 检测到“RuntimeLibrary”的不匹配项:  值“MTd_StaticDebug”不匹配值“MDd_DynamicDebug”(main.obj 中)
     1>libcpmtd.lib(xthrow.obj) : error LNK2005: "void __cdecl std::_Xbad_alloc(void)" (?_Xbad_alloc@std@@YAXXZ) 已经在 msvcprtd.lib(MSVCP120D.dll) 中定义
     1>libcpmtd.lib(xthrow.obj) : error LNK2005: "void __cdecl std::_Xlength_error(char const *)" (?_Xlength_error@std@@YAXPBD@Z) 已经在 msvcprtd.lib(MSVCP120D.dll) 中定义
     1>libcpmtd.lib(xthrow.obj) : error LNK2005: "void __cdecl std::_Xout_of_range(char const *)" (?_Xout_of_range@std@@YAXPBD@Z) 已经在 msvcprtd.lib(MSVCP120D.dll) 中定义
     1>libcpmtd.lib(wlocale.obj) : error LNK2038: 检测到“RuntimeLibrary”的不匹配项:  值“MTd_StaticDebug”不匹配值“MDd_DynamicDebug”(main.obj 中)
     1>libcpmtd.lib(xlocale.obj) : error LNK2038: 检测到“RuntimeLibrary”的不匹配项:  值“MTd_StaticDebug”不匹配值“MDd_DynamicDebug”(main.obj 中)
     1>libcpmtd.lib(xdateord.obj) : error LNK2038: 检测到“RuntimeLibrary”的不匹配项:  值“MTd_StaticDebug”不匹配值“MDd_DynamicDebug”(main.obj 中)
     1>libcpmtd.lib(xwctomb.obj) : error LNK2005: __Getcvt 已经在 msvcprtd.lib(MSVCP120D.dll) 中定义
     1>LIBCMTD.lib(dbgheap.obj) : error LNK2005: __CrtSetCheckCount 已经在 MSVCRTD.lib(MSVCR120D.dll) 中定义
     1>LIBCMTD.lib(dbgheap.obj) : error LNK2005: __calloc_dbg 已经在 MSVCRTD.lib(MSVCR120D.dll) 中定义
     1>LIBCMTD.lib(dbgheap.obj) : error LNK2005: __free_dbg 已经在 MSVCRTD.lib(MSVCR120D.dll) 中定义
     1>LIBCMTD.lib(_file.obj) : error LNK2005: ___iob_func 已经在 MSVCRTD.lib(MSVCR120D.dll) 中定义
     1>LIBCMTD.lib(winapisupp.obj) : error LNK2005: ___crtSetUnhandledExceptionFilter 已经在 MSVCRTD.lib(MSVCR120D.dll) 中定义
     1>LIBCMTD.lib(winapisupp.obj) : error LNK2005: ___crtTerminateProcess 已经在 MSVCRTD.lib(MSVCR120D.dll) 中定义
     1>LIBCMTD.lib(winapisupp.obj) : error LNK2005: ___crtUnhandledException 已经在 MSVCRTD.lib(MSVCR120D.dll) 中定义
     1>LIBCMTD.lib(dbghook.obj) : error LNK2005: __crt_debugger_hook 已经在 MSVCRTD.lib(MSVCR120D.dll) 中定义
     1>LIBCMTD.lib(fflush.obj) : error LNK2005: _fflush 已经在 MSVCRTD.lib(MSVCR120D.dll) 中定义
     1>LIBCMTD.lib(crt0dat.obj) : error LNK2005: __amsg_exit 已经在 MSVCRTD.lib(MSVCR120D.dll) 中定义
     1>LIBCMTD.lib(crt0dat.obj) : error LNK2005: __cexit 已经在 MSVCRTD.lib(MSVCR120D.dll) 中定义
     1>LIBCMTD.lib(crt0dat.obj) : error LNK2005: __exit 已经在 MSVCRTD.lib(MSVCR120D.dll) 中定义
     1>LIBCMTD.lib(crt0dat.obj) : error LNK2005: __initterm_e 已经在 MSVCRTD.lib(MSVCR120D.dll) 中定义
     1>LIBCMTD.lib(crt0dat.obj) : error LNK2005: _exit 已经在 MSVCRTD.lib(MSVCR120D.dll) 中定义
     1>LIBCMTD.lib(invarg.obj) : error LNK2005: __invalid_parameter 已经在 MSVCRTD.lib(MSVCR120D.dll) 中定义
     1>LIBCMTD.lib(invarg.obj) : error LNK2005: __invoke_watson 已经在 MSVCRTD.lib(MSVCR120D.dll) 中定义
     1>LIBCMTD.lib(fpexcept.obj) : error LNK2005: __except1 已经在 MSVCRTD.lib(MSVCR120D.dll) 中定义
     1>LIBCMTD.lib(mbstowcs.obj) : error LNK2005: _mbstowcs 已经在 MSVCRTD.lib(MSVCR120D.dll) 中定义
     1>LIBCMTD.lib(fpinit.obj) : error LNK2005: __fltused 已经在 a previous module 中定义
     1>LIBCMTD.lib(fpinit.obj) : error LNK2005: __ldused 已经在 a previous module 中定义
     1>LIBCMTD.lib(lconv.obj) : error LNK2005: _localeconv 已经在 MSVCRTD.lib(MSVCR120D.dll) 中定义
     1>LIBCMTD.lib(wsetloca.obj) : error LNK2005: __configthreadlocale 已经在 MSVCRTD.lib(MSVCR120D.dll) 中定义
     1>LIBCMTD.lib(mlock.obj) : error LNK2005: __lock 已经在 MSVCRTD.lib(MSVCR120D.dll) 中定义
     1>LIBCMTD.lib(mlock.obj) : error LNK2005: __unlock 已经在 MSVCRTD.lib(MSVCR120D.dll) 中定义
     1>LIBCMTD.lib(winxfltr.obj) : error LNK2005: __XcptFilter 已经在 MSVCRTD.lib(MSVCR120D.dll) 中定义
     1>LIBCMTD.lib(hooks.obj) : error LNK2005: "void __cdecl terminate(void)" (?terminate@@YAXXZ) 已经在 MSVCRTD.lib(MSVCR120D.dll) 中定义
     1>LIBCMTD.lib(crt0init.obj) : error LNK2005: ___xi_a 已经在 MSVCRTD.lib(cinitexe.obj) 中定义
     1>LIBCMTD.lib(crt0init.obj) : error LNK2005: ___xi_z 已经在 MSVCRTD.lib(cinitexe.obj) 中定义
     1>LIBCMTD.lib(crt0init.obj) : error LNK2005: ___xc_a 已经在 MSVCRTD.lib(cinitexe.obj) 中定义
     1>LIBCMTD.lib(crt0init.obj) : error LNK2005: ___xc_z 已经在 MSVCRTD.lib(cinitexe.obj) 中定义
     1>LIBCMTD.lib(errmode.obj) : error LNK2005: ___set_app_type 已经在 MSVCRTD.lib(MSVCR120D.dll) 中定义
     1>LIBCMTD.lib(getenv.obj) : error LNK2005: _getenv 已经在 MSVCRTD.lib(MSVCR120D.dll) 中定义
     1>LIBCMTD.lib(wcstombs.obj) : error LNK2005: _wcstombs 已经在 MSVCRTD.lib(MSVCR120D.dll) 中定义
     1>LIBCMTD.lib(sprintf.obj) : error LNK2005: _sprintf 已经在 MSVCRTD.lib(MSVCR120D.dll) 中定义
     1>LIBCMTD.lib(sprintf.obj) : error LNK2005: _sprintf_s 已经在 MSVCRTD.lib(MSVCR120D.dll) 中定义
     1>LIBCMTD.lib(dbgrptw.obj) : error LNK2005: __CrtDbgReportW 已经在 MSVCRTD.lib(MSVCR120D.dll) 中定义
     1>LIBCMTD.lib(strtol.obj) : error LNK2005: _strtol 已经在 MSVCRTD.lib(MSVCR120D.dll) 中定义
     1>LIBCMTD.lib(printf.obj) : error LNK2005: _printf 已经在 MSVCRTD.lib(MSVCR120D.dll) 中定义
     1>LIBCMTD.lib(vsprintf.obj) : error LNK2005: _vsprintf 已经在 MSVCRTD.lib(MSVCR120D.dll) 中定义
     1>LIBCMTD.lib(strtod.obj) : error LNK2005: _strtod 已经在 MSVCRTD.lib(MSVCR120D.dll) 中定义
     1>LIBCMTD.lib(tolower.obj) : error LNK2005: _tolower 已经在 MSVCRTD.lib(MSVCR120D.dll) 中定义
     1>LINK : warning LNK4098: 默认库“MSVCRTD”与其他库的使用冲突；请使用 /NODEFAULTLIB:library
     1>LINK : warning LNK4098: 默认库“LIBCMTD”与其他库的使用冲突；请使用 /NODEFAULTLIB:library
     1>LINK : warning LNK4098: 默认库“LIBCMT”与其他库的使用冲突；请使用 /NODEFAULTLIB:library
     1>opencv_core2410d.lib(persistence.obj) : error LNK2019: 无法解析的外部符号 _gzputs，该符号在函数 "void __cdecl icvPuts(struct CvFileStorage *,char const *)" (?icvPuts@@YAXPAUCvFileStorage@@PBD@Z) 中被引用
     1>opencv_core2410d.lib(persistence.obj) : error LNK2019: 无法解析的外部符号 _gzgets，该符号在函数 "char * __cdecl icvGets(struct CvFileStorage *,char *,int)" (?icvGets@@YAPADPAUCvFileStorage@@PADH@Z) 中被引用
     1>opencv_core2410d.lib(persistence.obj) : error LNK2019: 无法解析的外部符号 _gzrewind，该符号在函数 "void __cdecl icvRewind(struct CvFileStorage *)" (?icvRewind@@YAXPAUCvFileStorage@@@Z) 中被引用
     1>opencv_core2410d.lib(persistence.obj) : error LNK2019: 无法解析的外部符号 _gzeof，该符号在函数 "int __cdecl icvEof(struct CvFileStorage *)" (?icvEof@@YAHPAUCvFileStorage@@@Z) 中被引用
     1>opencv_core2410d.lib(persistence.obj) : error LNK2019: 无法解析的外部符号 _gzclose，该符号在函数 "void __cdecl icvCloseFile(struct CvFileStorage *)" (?icvCloseFile@@YAXPAUCvFileStorage@@@Z) 中被引用
     1>opencv_core2410d.lib(persistence.obj) : error LNK2019: 无法解析的外部符号 _gzopen，该符号在函数 _cvOpenFileStorage 中被引用
     1>opencv_highgui2410d.lib(window_w32.obj) : error LNK2019: 无法解析的外部符号 __imp__CreateToolbarEx@52，该符号在函数 "int __cdecl icvCreateTrackbar(char const *,char const *,int *,int,void (__cdecl*)(int),void (__cdecl*)(int,void *),void *)" (?icvCreateTrackbar@@YAHPBD0PAHHP6AXH@ZP6AXHPAX@Z3@Z) 中被引用
     1>opencv_highgui2410d.lib(cap_vfw.obj) : error LNK2019: 无法解析的外部符号 _ICOpen@12，该符号在函数 "public: virtual struct _IplImage * __thiscall CvCaptureCAM_VFW::retrieveFrame(int)" (?retrieveFrame@CvCaptureCAM_VFW@@UAEPAU_IplImage@@H@Z) 中被引用
     1>opencv_highgui2410d.lib(cap_vfw.obj) : error LNK2019: 无法解析的外部符号 _ICClose@4，该符号在函数 "protected: void __thiscall CvCaptureCAM_VFW::closeHIC(void)" (?closeHIC@CvCaptureCAM_VFW@@IAEXXZ) 中被引用
     1>opencv_highgui2410d.lib(cap_vfw.obj) : error LNK2019: 无法解析的外部符号 _ICSendMessage@16，该符号在函数 "protected: void __thiscall CvCaptureCAM_VFW::closeHIC(void)" (?closeHIC@CvCaptureCAM_VFW@@IAEXXZ) 中被引用
     1>opencv_highgui2410d.lib(cap_vfw.obj) : error LNK2019: 无法解析的外部符号 _ICDecompress，该符号在函数 "public: virtual struct _IplImage * __thiscall CvCaptureCAM_VFW::retrieveFrame(int)" (?retrieveFrame@CvCaptureCAM_VFW@@UAEPAU_IplImage@@H@Z) 中被引用
     1>opencv_highgui2410d.lib(cap_vfw.obj) : error LNK2019: 无法解析的外部符号 _AVIFileInit@0，该符号在函数 "void __cdecl icvInitCapture_VFW(void)" (?icvInitCapture_VFW@@YAXXZ) 中被引用
     1>opencv_highgui2410d.lib(cap_vfw.obj) : error LNK2019: 无法解析的外部符号 _AVIFileRelease@4，该符号在函数 "public: virtual void __thiscall CvCaptureAVI_VFW::close(void)" (?close@CvCaptureAVI_VFW@@UAEXXZ) 中被引用
     1>opencv_highgui2410d.lib(cap_vfw.obj) : error LNK2019: 无法解析的外部符号 _AVIFileOpenA@16，该符号在函数 "public: virtual bool __thiscall CvCaptureAVI_VFW::open(char const *)" (?open@CvCaptureAVI_VFW@@UAE_NPBD@Z) 中被引用
     1>opencv_highgui2410d.lib(cap_vfw.obj) : error LNK2019: 无法解析的外部符号 _AVIFileGetStream@16，该符号在函数 "public: virtual bool __thiscall CvCaptureAVI_VFW::open(char const *)" (?open@CvCaptureAVI_VFW@@UAE_NPBD@Z) 中被引用
     1>opencv_highgui2410d.lib(cap_vfw.obj) : error LNK2019: 无法解析的外部符号 _AVIFileCreateStreamA@12，该符号在函数 "protected: bool __thiscall CvVideoWriter_VFW::createStreams(struct CvSize,bool)" (?createStreams@CvVideoWriter_VFW@@IAE_NUCvSize@@_N@Z) 中被引用
     1>opencv_highgui2410d.lib(cap_vfw.obj) : error LNK2019: 无法解析的外部符号 _AVIStreamRelease@4，该符号在函数 "public: virtual void __thiscall CvCaptureAVI_VFW::close(void)" (?close@CvCaptureAVI_VFW@@UAEXXZ) 中被引用
     1>opencv_highgui2410d.lib(cap_vfw.obj) : error LNK2019: 无法解析的外部符号 _AVIStreamInfoA@12，该符号在函数 "public: virtual bool __thiscall CvCaptureAVI_VFW::open(char const *)" (?open@CvCaptureAVI_VFW@@UAE_NPBD@Z) 中被引用
     1>opencv_highgui2410d.lib(cap_vfw.obj) : error LNK2019: 无法解析的外部符号 _AVIStreamSetFormat@16，该符号在函数 "protected: bool __thiscall CvVideoWriter_VFW::createStreams(struct CvSize,bool)" (?createStreams@CvVideoWriter_VFW@@IAE_NUCvSize@@_N@Z) 中被引用
     1>opencv_highgui2410d.lib(cap_vfw.obj) : error LNK2019: 无法解析的外部符号 _AVIStreamWrite@32，该符号在函数 "public: virtual bool __thiscall CvVideoWriter_VFW::writeFrame(struct _IplImage const *)" (?writeFrame@CvVideoWriter_VFW@@UAE_NPBU_IplImage@@@Z) 中被引用
     1>opencv_highgui2410d.lib(cap_vfw.obj) : error LNK2019: 无法解析的外部符号 _AVIStreamGetFrameOpen@8，该符号在函数 "public: virtual bool __thiscall CvCaptureAVI_VFW::open(char const *)" (?open@CvCaptureAVI_VFW@@UAE_NPBD@Z) 中被引用
     1>opencv_highgui2410d.lib(cap_vfw.obj) : error LNK2019: 无法解析的外部符号 _AVIStreamGetFrame@8，该符号在函数 "public: virtual bool __thiscall CvCaptureAVI_VFW::grabFrame(void)" (?grabFrame@CvCaptureAVI_VFW@@UAE_NXZ) 中被引用
     1>opencv_highgui2410d.lib(cap_vfw.obj) : error LNK2019: 无法解析的外部符号 _AVIStreamGetFrameClose@4，该符号在函数 "public: virtual void __thiscall CvCaptureAVI_VFW::close(void)" (?close@CvCaptureAVI_VFW@@UAEXXZ) 中被引用
     1>opencv_highgui2410d.lib(cap_vfw.obj) : error LNK2019: 无法解析的外部符号 _AVIMakeCompressedStream@16，该符号在函数 "protected: bool __thiscall CvVideoWriter_VFW::createStreams(struct CvSize,bool)" (?createStreams@CvVideoWriter_VFW@@IAE_NUCvSize@@_N@Z) 中被引用
     1>opencv_highgui2410d.lib(cap_vfw.obj) : error LNK2019: 无法解析的外部符号 _AVISaveOptions@20，该符号在函数 "protected: bool __thiscall CvVideoWriter_VFW::createStreams(struct CvSize,bool)" (?createStreams@CvVideoWriter_VFW@@IAE_NUCvSize@@_N@Z) 中被引用
     1>opencv_highgui2410d.lib(cap_vfw.obj) : error LNK2019: 无法解析的外部符号 _capCreateCaptureWindowA@32，该符号在函数 "public: virtual bool __thiscall CvCaptureCAM_VFW::open(int)" (?open@CvCaptureCAM_VFW@@UAE_NH@Z) 中被引用
     1>opencv_highgui2410d.lib(cap_vfw.obj) : error LNK2019: 无法解析的外部符号 _capGetDriverDescriptionA@20，该符号在函数 "public: virtual bool __thiscall CvCaptureCAM_VFW::open(int)" (?open@CvCaptureCAM_VFW@@UAE_NH@Z) 中被引用
     1>opencv_highgui2410d.lib(grfmt_jpeg.obj) : error LNK2019: 无法解析的外部符号 _jpeg_std_error，该符号在函数 "public: virtual bool __thiscall cv::JpegDecoder::readHeader(void)" (?readHeader@JpegDecoder@cv@@UAE_NXZ) 中被引用
     1>opencv_highgui2410d.lib(grfmt_jpeg.obj) : error LNK2019: 无法解析的外部符号 _jpeg_CreateCompress，该符号在函数 "public: virtual bool __thiscall cv::JpegEncoder::write(class cv::Mat const &,class std::vector<int,class std::allocator<int> > const &)" (?write@JpegEncoder@cv@@UAE_NABVMat@2@ABV?$vector@HV?$allocator@H@std@@@std@@@Z) 中被引用
     1>opencv_highgui2410d.lib(grfmt_jpeg.obj) : error LNK2019: 无法解析的外部符号 _jpeg_CreateDecompress，该符号在函数 "public: virtual bool __thiscall cv::JpegDecoder::readHeader(void)" (?readHeader@JpegDecoder@cv@@UAE_NXZ) 中被引用
     1>opencv_highgui2410d.lib(grfmt_jpeg.obj) : error LNK2019: 无法解析的外部符号 _jpeg_destroy_compress，该符号在函数 "public: virtual bool __thiscall cv::JpegEncoder::write(class cv::Mat const &,class std::vector<int,class std::allocator<int> > const &)" (?write@JpegEncoder@cv@@UAE_NABVMat@2@ABV?$vector@HV?$allocator@H@std@@@std@@@Z) 中被引用
     1>opencv_highgui2410d.lib(grfmt_jpeg.obj) : error LNK2019: 无法解析的外部符号 _jpeg_destroy_decompress，该符号在函数 "public: void __thiscall cv::JpegDecoder::close(void)" (?close@JpegDecoder@cv@@QAEXXZ) 中被引用
     1>opencv_highgui2410d.lib(grfmt_jpeg.obj) : error LNK2019: 无法解析的外部符号 _jpeg_stdio_dest，该符号在函数 "public: virtual bool __thiscall cv::JpegEncoder::write(class cv::Mat const &,class std::vector<int,class std::allocator<int> > const &)" (?write@JpegEncoder@cv@@UAE_NABVMat@2@ABV?$vector@HV?$allocator@H@std@@@std@@@Z) 中被引用
     1>opencv_highgui2410d.lib(grfmt_jpeg.obj) : error LNK2019: 无法解析的外部符号 _jpeg_stdio_src，该符号在函数 "public: virtual bool __thiscall cv::JpegDecoder::readHeader(void)" (?readHeader@JpegDecoder@cv@@UAE_NXZ) 中被引用
     1>opencv_highgui2410d.lib(grfmt_jpeg.obj) : error LNK2019: 无法解析的外部符号 _jpeg_set_defaults，该符号在函数 "public: virtual bool __thiscall cv::JpegEncoder::write(class cv::Mat const &,class std::vector<int,class std::allocator<int> > const &)" (?write@JpegEncoder@cv@@UAE_NABVMat@2@ABV?$vector@HV?$allocator@H@std@@@std@@@Z) 中被引用
     1>opencv_highgui2410d.lib(grfmt_jpeg.obj) : error LNK2019: 无法解析的外部符号 _jpeg_set_quality，该符号在函数 "public: virtual bool __thiscall cv::JpegEncoder::write(class cv::Mat const &,class std::vector<int,class std::allocator<int> > const &)" (?write@JpegEncoder@cv@@UAE_NABVMat@2@ABV?$vector@HV?$allocator@H@std@@@std@@@Z) 中被引用
     1>opencv_highgui2410d.lib(grfmt_jpeg.obj) : error LNK2019: 无法解析的外部符号 _jpeg_alloc_huff_table，该符号在函数 "int __cdecl cv::my_jpeg_load_dht(struct jpeg_decompress_struct *,unsigned char *,struct JHUFF_TBL * * const,struct JHUFF_TBL * * const)" (?my_jpeg_load_dht@cv@@YAHPAUjpeg_decompress_struct@@PAEQAPAUJHUFF_TBL@@2@Z) 中被引用
     1>opencv_highgui2410d.lib(grfmt_jpeg.obj) : error LNK2019: 无法解析的外部符号 _jpeg_start_compress，该符号在函数 "public: virtual bool __thiscall cv::JpegEncoder::write(class cv::Mat const &,class std::vector<int,class std::allocator<int> > const &)" (?write@JpegEncoder@cv@@UAE_NABVMat@2@ABV?$vector@HV?$allocator@H@std@@@std@@@Z) 中被引用
     1>opencv_highgui2410d.lib(grfmt_jpeg.obj) : error LNK2019: 无法解析的外部符号 _jpeg_write_scanlines，该符号在函数 "public: virtual bool __thiscall cv::JpegEncoder::write(class cv::Mat const &,class std::vector<int,class std::allocator<int> > const &)" (?write@JpegEncoder@cv@@UAE_NABVMat@2@ABV?$vector@HV?$allocator@H@std@@@std@@@Z) 中被引用
     1>opencv_highgui2410d.lib(grfmt_jpeg.obj) : error LNK2019: 无法解析的外部符号 _jpeg_finish_compress，该符号在函数 "public: virtual bool __thiscall cv::JpegEncoder::write(class cv::Mat const &,class std::vector<int,class std::allocator<int> > const &)" (?write@JpegEncoder@cv@@UAE_NABVMat@2@ABV?$vector@HV?$allocator@H@std@@@std@@@Z) 中被引用
     1>opencv_highgui2410d.lib(grfmt_jpeg.obj) : error LNK2019: 无法解析的外部符号 _jpeg_read_header，该符号在函数 "public: virtual bool __thiscall cv::JpegDecoder::readHeader(void)" (?readHeader@JpegDecoder@cv@@UAE_NXZ) 中被引用
     1>opencv_highgui2410d.lib(grfmt_jpeg.obj) : error LNK2019: 无法解析的外部符号 _jpeg_start_decompress，该符号在函数 "public: virtual bool __thiscall cv::JpegDecoder::readData(class cv::Mat &)" (?readData@JpegDecoder@cv@@UAE_NAAVMat@2@@Z) 中被引用
     1>opencv_highgui2410d.lib(grfmt_jpeg.obj) : error LNK2019: 无法解析的外部符号 _jpeg_read_scanlines，该符号在函数 "public: virtual bool __thiscall cv::JpegDecoder::readData(class cv::Mat &)" (?readData@JpegDecoder@cv@@UAE_NAAVMat@2@@Z) 中被引用
     1>opencv_highgui2410d.lib(grfmt_jpeg.obj) : error LNK2019: 无法解析的外部符号 _jpeg_finish_decompress，该符号在函数 "public: virtual bool __thiscall cv::JpegDecoder::readData(class cv::Mat &)" (?readData@JpegDecoder@cv@@UAE_NAAVMat@2@@Z) 中被引用
     1>opencv_highgui2410d.lib(grfmt_jpeg.obj) : error LNK2019: 无法解析的外部符号 _jpeg_resync_to_restart，该符号在函数 "void __cdecl cv::jpeg_buffer_src(struct jpeg_decompress_struct *,struct cv::JpegSource *)" (?jpeg_buffer_src@cv@@YAXPAUjpeg_decompress_struct@@PAUJpegSource@1@@Z) 中被引用
     1>opencv_highgui2410d.lib(grfmt_tiff.obj) : error LNK2019: 无法解析的外部符号 _TIFFClose，该符号在函数 "public: void __thiscall cv::TiffDecoder::close(void)" (?close@TiffDecoder@cv@@QAEXXZ) 中被引用
     1>opencv_highgui2410d.lib(grfmt_tiff.obj) : error LNK2019: 无法解析的外部符号 _TIFFGetField，该符号在函数 "public: virtual bool __thiscall cv::TiffDecoder::readData(class cv::Mat &)" (?readData@TiffDecoder@cv@@UAE_NAAVMat@2@@Z) 中被引用
     1>opencv_highgui2410d.lib(grfmt_tiff.obj) : error LNK2019: 无法解析的外部符号 _TIFFScanlineSize，该符号在函数 "protected: bool __thiscall cv::TiffEncoder::writeLibTiff(class cv::Mat const &,class std::vector<int,class std::allocator<int> > const &)" (?writeLibTiff@TiffEncoder@cv@@IAE_NABVMat@2@ABV?$vector@HV?$allocator@H@std@@@std@@@Z) 中被引用
     1>opencv_highgui2410d.lib(grfmt_tiff.obj) : error LNK2019: 无法解析的外部符号 _TIFFIsTiled，该符号在函数 "public: virtual bool __thiscall cv::TiffDecoder::readData(class cv::Mat &)" (?readData@TiffDecoder@cv@@UAE_NAAVMat@2@@Z) 中被引用
     1>opencv_highgui2410d.lib(grfmt_tiff.obj) : error LNK2019: 无法解析的外部符号 _TIFFSetField，该符号在函数 "protected: bool __thiscall cv::TiffEncoder::writeLibTiff(class cv::Mat const &,class std::vector<int,class std::allocator<int> > const &)" (?writeLibTiff@TiffEncoder@cv@@IAE_NABVMat@2@ABV?$vector@HV?$allocator@H@std@@@std@@@Z) 中被引用
     1>opencv_highgui2410d.lib(grfmt_tiff.obj) : error LNK2019: 无法解析的外部符号 _TIFFWriteScanline，该符号在函数 "protected: bool __thiscall cv::TiffEncoder::writeLibTiff(class cv::Mat const &,class std::vector<int,class std::allocator<int> > const &)" (?writeLibTiff@TiffEncoder@cv@@IAE_NABVMat@2@ABV?$vector@HV?$allocator@H@std@@@std@@@Z) 中被引用
     1>opencv_highgui2410d.lib(grfmt_tiff.obj) : error LNK2019: 无法解析的外部符号 _TIFFReadRGBAStrip，该符号在函数 "public: virtual bool __thiscall cv::TiffDecoder::readData(class cv::Mat &)" (?readData@TiffDecoder@cv@@UAE_NAAVMat@2@@Z) 中被引用
     1>opencv_highgui2410d.lib(grfmt_tiff.obj) : error LNK2019: 无法解析的外部符号 _TIFFReadRGBATile，该符号在函数 "public: virtual bool __thiscall cv::TiffDecoder::readData(class cv::Mat &)" (?readData@TiffDecoder@cv@@UAE_NAAVMat@2@@Z) 中被引用
     1>opencv_highgui2410d.lib(grfmt_tiff.obj) : error LNK2019: 无法解析的外部符号 _TIFFRGBAImageOK，该符号在函数 "public: virtual bool __thiscall cv::TiffDecoder::readData(class cv::Mat &)" (?readData@TiffDecoder@cv@@UAE_NAAVMat@2@@Z) 中被引用
     1>opencv_highgui2410d.lib(grfmt_tiff.obj) : error LNK2019: 无法解析的外部符号 _TIFFOpen，该符号在函数 "public: virtual bool __thiscall cv::TiffDecoder::readHeader(void)" (?readHeader@TiffDecoder@cv@@UAE_NXZ) 中被引用
     1>opencv_highgui2410d.lib(grfmt_tiff.obj) : error LNK2019: 无法解析的外部符号 _TIFFSetErrorHandler，该符号在函数 "public: __thiscall cv::TiffDecoder::TiffDecoder(void)" (??0TiffDecoder@cv@@QAE@XZ) 中被引用
     1>opencv_highgui2410d.lib(grfmt_tiff.obj) : error LNK2019: 无法解析的外部符号 _TIFFSetWarningHandler，该符号在函数 "public: __thiscall cv::TiffDecoder::TiffDecoder(void)" (??0TiffDecoder@cv@@QAE@XZ) 中被引用
     1>opencv_highgui2410d.lib(grfmt_tiff.obj) : error LNK2019: 无法解析的外部符号 _TIFFReadEncodedStrip，该符号在函数 "public: virtual bool __thiscall cv::TiffDecoder::readData(class cv::Mat &)" (?readData@TiffDecoder@cv@@UAE_NAAVMat@2@@Z) 中被引用
     1>opencv_highgui2410d.lib(grfmt_tiff.obj) : error LNK2019: 无法解析的外部符号 _TIFFReadEncodedTile，该符号在函数 "public: virtual bool __thiscall cv::TiffDecoder::readData(class cv::Mat &)" (?readData@TiffDecoder@cv@@UAE_NAAVMat@2@@Z) 中被引用
     1>opencv_highgui2410d.lib(grfmt_png.obj) : error LNK2019: 无法解析的外部符号 _png_create_read_struct，该符号在函数 "public: virtual bool __thiscall cv::PngDecoder::readHeader(void)" (?readHeader@PngDecoder@cv@@UAE_NXZ) 中被引用
     1>opencv_highgui2410d.lib(grfmt_png.obj) : error LNK2019: 无法解析的外部符号 _png_create_write_struct，该符号在函数 "public: virtual bool __thiscall cv::PngEncoder::write(class cv::Mat const &,class std::vector<int,class std::allocator<int> > const &)" (?write@PngEncoder@cv@@UAE_NABVMat@2@ABV?$vector@HV?$allocator@H@std@@@std@@@Z) 中被引用
     1>opencv_highgui2410d.lib(grfmt_png.obj) : error LNK2019: 无法解析的外部符号 _png_set_longjmp_fn，该符号在函数 "public: virtual bool __thiscall cv::PngDecoder::readData(class cv::Mat &)" (?readData@PngDecoder@cv@@UAE_NAAVMat@2@@Z) 中被引用
     1>opencv_highgui2410d.lib(grfmt_png.obj) : error LNK2019: 无法解析的外部符号 _png_create_info_struct，该符号在函数 "public: virtual bool __thiscall cv::PngDecoder::readHeader(void)" (?readHeader@PngDecoder@cv@@UAE_NXZ) 中被引用
     1>opencv_highgui2410d.lib(grfmt_png.obj) : error LNK2019: 无法解析的外部符号 _png_write_info，该符号在函数 "public: virtual bool __thiscall cv::PngEncoder::write(class cv::Mat const &,class std::vector<int,class std::allocator<int> > const &)" (?write@PngEncoder@cv@@UAE_NABVMat@2@ABV?$vector@HV?$allocator@H@std@@@std@@@Z) 中被引用
     1>opencv_highgui2410d.lib(grfmt_png.obj) : error LNK2019: 无法解析的外部符号 _png_read_info，该符号在函数 "public: virtual bool __thiscall cv::PngDecoder::readHeader(void)" (?readHeader@PngDecoder@cv@@UAE_NXZ) 中被引用
     1>opencv_highgui2410d.lib(grfmt_png.obj) : error LNK2019: 无法解析的外部符号 _png_set_expand_gray_1_2_4_to_8，该符号在函数 "public: virtual bool __thiscall cv::PngDecoder::readData(class cv::Mat &)" (?readData@PngDecoder@cv@@UAE_NAAVMat@2@@Z) 中被引用
     1>opencv_highgui2410d.lib(grfmt_png.obj) : error LNK2019: 无法解析的外部符号 _png_set_palette_to_rgb，该符号在函数 "public: virtual bool __thiscall cv::PngDecoder::readData(class cv::Mat &)" (?readData@PngDecoder@cv@@UAE_NAAVMat@2@@Z) 中被引用
     1>opencv_highgui2410d.lib(grfmt_png.obj) : error LNK2019: 无法解析的外部符号 _png_set_bgr，该符号在函数 "public: virtual bool __thiscall cv::PngDecoder::readData(class cv::Mat &)" (?readData@PngDecoder@cv@@UAE_NAAVMat@2@@Z) 中被引用
     1>opencv_highgui2410d.lib(grfmt_png.obj) : error LNK2019: 无法解析的外部符号 _png_set_gray_to_rgb，该符号在函数 "public: virtual bool __thiscall cv::PngDecoder::readData(class cv::Mat &)" (?readData@PngDecoder@cv@@UAE_NAAVMat@2@@Z) 中被引用
     1>opencv_highgui2410d.lib(grfmt_png.obj) : error LNK2019: 无法解析的外部符号 _png_set_rgb_to_gray，该符号在函数 "public: virtual bool __thiscall cv::PngDecoder::readData(class cv::Mat &)" (?readData@PngDecoder@cv@@UAE_NAAVMat@2@@Z) 中被引用
     1>opencv_highgui2410d.lib(grfmt_png.obj) : error LNK2019: 无法解析的外部符号 _png_set_strip_alpha，该符号在函数 "public: virtual bool __thiscall cv::PngDecoder::readData(class cv::Mat &)" (?readData@PngDecoder@cv@@UAE_NAAVMat@2@@Z) 中被引用
     1>opencv_highgui2410d.lib(grfmt_png.obj) : error LNK2019: 无法解析的外部符号 _png_set_swap，该符号在函数 "public: virtual bool __thiscall cv::PngDecoder::readData(class cv::Mat &)" (?readData@PngDecoder@cv@@UAE_NAAVMat@2@@Z) 中被引用
     1>opencv_highgui2410d.lib(grfmt_png.obj) : error LNK2019: 无法解析的外部符号 _png_set_packing，该符号在函数 "public: virtual bool __thiscall cv::PngEncoder::write(class cv::Mat const &,class std::vector<int,class std::allocator<int> > const &)" (?write@PngEncoder@cv@@UAE_NABVMat@2@ABV?$vector@HV?$allocator@H@std@@@std@@@Z) 中被引用
     1>opencv_highgui2410d.lib(grfmt_png.obj) : error LNK2019: 无法解析的外部符号 _png_set_interlace_handling，该符号在函数 "public: virtual bool __thiscall cv::PngDecoder::readData(class cv::Mat &)" (?readData@PngDecoder@cv@@UAE_NAAVMat@2@@Z) 中被引用
     1>opencv_highgui2410d.lib(grfmt_png.obj) : error LNK2019: 无法解析的外部符号 _png_set_strip_16，该符号在函数 "public: virtual bool __thiscall cv::PngDecoder::readData(class cv::Mat &)" (?readData@PngDecoder@cv@@UAE_NAAVMat@2@@Z) 中被引用
     1>opencv_highgui2410d.lib(grfmt_png.obj) : error LNK2019: 无法解析的外部符号 _png_read_update_info，该符号在函数 "public: virtual bool __thiscall cv::PngDecoder::readData(class cv::Mat &)" (?readData@PngDecoder@cv@@UAE_NAAVMat@2@@Z) 中被引用
     1>opencv_highgui2410d.lib(grfmt_png.obj) : error LNK2019: 无法解析的外部符号 _png_read_image，该符号在函数 "public: virtual bool __thiscall cv::PngDecoder::readData(class cv::Mat &)" (?readData@PngDecoder@cv@@UAE_NAAVMat@2@@Z) 中被引用
     1>opencv_highgui2410d.lib(grfmt_png.obj) : error LNK2019: 无法解析的外部符号 _png_write_image，该符号在函数 "public: virtual bool __thiscall cv::PngEncoder::write(class cv::Mat const &,class std::vector<int,class std::allocator<int> > const &)" (?write@PngEncoder@cv@@UAE_NABVMat@2@ABV?$vector@HV?$allocator@H@std@@@std@@@Z) 中被引用
     1>opencv_highgui2410d.lib(grfmt_png.obj) : error LNK2019: 无法解析的外部符号 _png_write_end，该符号在函数 "public: virtual bool __thiscall cv::PngEncoder::write(class cv::Mat const &,class std::vector<int,class std::allocator<int> > const &)" (?write@PngEncoder@cv@@UAE_NABVMat@2@ABV?$vector@HV?$allocator@H@std@@@std@@@Z) 中被引用
     1>opencv_highgui2410d.lib(grfmt_png.obj) : error LNK2019: 无法解析的外部符号 _png_read_end，该符号在函数 "public: virtual bool __thiscall cv::PngDecoder::readData(class cv::Mat &)" (?readData@PngDecoder@cv@@UAE_NAAVMat@2@@Z) 中被引用
     1>opencv_highgui2410d.lib(grfmt_png.obj) : error LNK2019: 无法解析的外部符号 _png_destroy_read_struct，该符号在函数 "public: void __thiscall cv::PngDecoder::close(void)" (?close@PngDecoder@cv@@QAEXXZ) 中被引用
     1>opencv_highgui2410d.lib(grfmt_png.obj) : error LNK2019: 无法解析的外部符号 _png_destroy_write_struct，该符号在函数 "public: virtual bool __thiscall cv::PngEncoder::write(class cv::Mat const &,class std::vector<int,class std::allocator<int> > const &)" (?write@PngEncoder@cv@@UAE_NABVMat@2@ABV?$vector@HV?$allocator@H@std@@@std@@@Z) 中被引用
     1>opencv_highgui2410d.lib(grfmt_png.obj) : error LNK2019: 无法解析的外部符号 _png_set_filter，该符号在函数 "public: virtual bool __thiscall cv::PngEncoder::write(class cv::Mat const &,class std::vector<int,class std::allocator<int> > const &)" (?write@PngEncoder@cv@@UAE_NABVMat@2@ABV?$vector@HV?$allocator@H@std@@@std@@@Z) 中被引用
     1>opencv_highgui2410d.lib(grfmt_png.obj) : error LNK2019: 无法解析的外部符号 _png_set_compression_level，该符号在函数 "public: virtual bool __thiscall cv::PngEncoder::write(class cv::Mat const &,class std::vector<int,class std::allocator<int> > const &)" (?write@PngEncoder@cv@@UAE_NABVMat@2@ABV?$vector@HV?$allocator@H@std@@@std@@@Z) 中被引用
     1>opencv_highgui2410d.lib(grfmt_png.obj) : error LNK2019: 无法解析的外部符号 _png_set_compression_strategy，该符号在函数 "public: virtual bool __thiscall cv::PngEncoder::write(class cv::Mat const &,class std::vector<int,class std::allocator<int> > const &)" (?write@PngEncoder@cv@@UAE_NABVMat@2@ABV?$vector@HV?$allocator@H@std@@@std@@@Z) 中被引用
     1>opencv_highgui2410d.lib(grfmt_png.obj) : error LNK2019: 无法解析的外部符号 _png_init_io，该符号在函数 "public: virtual bool __thiscall cv::PngDecoder::readHeader(void)" (?readHeader@PngDecoder@cv@@UAE_NXZ) 中被引用
     1>opencv_highgui2410d.lib(grfmt_png.obj) : error LNK2019: 无法解析的外部符号 _png_set_write_fn，该符号在函数 "public: virtual bool __thiscall cv::PngEncoder::write(class cv::Mat const &,class std::vector<int,class std::allocator<int> > const &)" (?write@PngEncoder@cv@@UAE_NABVMat@2@ABV?$vector@HV?$allocator@H@std@@@std@@@Z) 中被引用
     1>opencv_highgui2410d.lib(grfmt_png.obj) : error LNK2019: 无法解析的外部符号 _png_set_read_fn，该符号在函数 "public: virtual bool __thiscall cv::PngDecoder::readHeader(void)" (?readHeader@PngDecoder@cv@@UAE_NXZ) 中被引用
     1>opencv_highgui2410d.lib(grfmt_png.obj) : error LNK2019: 无法解析的外部符号 _png_get_io_ptr，该符号在函数 "protected: static void __cdecl cv::PngDecoder::readDataFromBuf(void *,unsigned char *,unsigned int)" (?readDataFromBuf@PngDecoder@cv@@KAXPAXPAEI@Z) 中被引用
     1>opencv_highgui2410d.lib(grfmt_png.obj) : error LNK2019: 无法解析的外部符号 _png_error，该符号在函数 "protected: static void __cdecl cv::PngDecoder::readDataFromBuf(void *,unsigned char *,unsigned int)" (?readDataFromBuf@PngDecoder@cv@@KAXPAXPAEI@Z) 中被引用
     1>opencv_highgui2410d.lib(grfmt_png.obj) : error LNK2019: 无法解析的外部符号 _png_get_IHDR，该符号在函数 "public: virtual bool __thiscall cv::PngDecoder::readHeader(void)" (?readHeader@PngDecoder@cv@@UAE_NXZ) 中被引用
     1>opencv_highgui2410d.lib(grfmt_png.obj) : error LNK2019: 无法解析的外部符号 _png_set_IHDR，该符号在函数 "public: virtual bool __thiscall cv::PngEncoder::write(class cv::Mat const &,class std::vector<int,class std::allocator<int> > const &)" (?write@PngEncoder@cv@@UAE_NABVMat@2@ABV?$vector@HV?$allocator@H@std@@@std@@@Z) 中被引用
     1>opencv_highgui2410d.lib(grfmt_png.obj) : error LNK2019: 无法解析的外部符号 _png_get_tRNS，该符号在函数 "public: virtual bool __thiscall cv::PngDecoder::readHeader(void)" (?readHeader@PngDecoder@cv@@UAE_NXZ) 中被引用
     1>opencv_highgui2410d.lib(grfmt_jpeg2000.obj) : error LNK2019: 无法解析的外部符号 _jas_init，该符号在函数 "public: __thiscall cv::JasperInitializer::JasperInitializer(void)" (??0JasperInitializer@cv@@QAE@XZ) 中被引用
     1>opencv_highgui2410d.lib(grfmt_jpeg2000.obj) : error LNK2019: 无法解析的外部符号 _jas_cleanup，该符号在函数 "public: __thiscall cv::JasperInitializer::~JasperInitializer(void)" (??1JasperInitializer@cv@@QAE@XZ) 中被引用
     1>opencv_highgui2410d.lib(grfmt_jpeg2000.obj) : error LNK2019: 无法解析的外部符号 _jas_stream_fopen，该符号在函数 "public: virtual bool __thiscall cv::Jpeg2KDecoder::readHeader(void)" (?readHeader@Jpeg2KDecoder@cv@@UAE_NXZ) 中被引用
     1>opencv_highgui2410d.lib(grfmt_jpeg2000.obj) : error LNK2019: 无法解析的外部符号 _jas_stream_close，该符号在函数 "public: void __thiscall cv::Jpeg2KDecoder::close(void)" (?close@Jpeg2KDecoder@cv@@QAEXXZ) 中被引用
     1>opencv_highgui2410d.lib(grfmt_jpeg2000.obj) : error LNK2019: 无法解析的外部符号 _jas_cmprof_destroy，该符号在函数 "public: virtual bool __thiscall cv::Jpeg2KDecoder::readData(class cv::Mat &)" (?readData@Jpeg2KDecoder@cv@@UAE_NAAVMat@2@@Z) 中被引用
     1>opencv_highgui2410d.lib(grfmt_jpeg2000.obj) : error LNK2019: 无法解析的外部符号 _jas_cmprof_createfromclrspc，该符号在函数 "public: virtual bool __thiscall cv::Jpeg2KDecoder::readData(class cv::Mat &)" (?readData@Jpeg2KDecoder@cv@@UAE_NAAVMat@2@@Z) 中被引用
     1>opencv_highgui2410d.lib(grfmt_jpeg2000.obj) : error LNK2019: 无法解析的外部符号 _jas_matrix_create，该符号在函数 "public: virtual bool __thiscall cv::Jpeg2KDecoder::readData(class cv::Mat &)" (?readData@Jpeg2KDecoder@cv@@UAE_NAAVMat@2@@Z) 中被引用
     1>opencv_highgui2410d.lib(grfmt_jpeg2000.obj) : error LNK2019: 无法解析的外部符号 _jas_matrix_destroy，该符号在函数 "public: virtual bool __thiscall cv::Jpeg2KDecoder::readData(class cv::Mat &)" (?readData@Jpeg2KDecoder@cv@@UAE_NAAVMat@2@@Z) 中被引用
     1>opencv_highgui2410d.lib(grfmt_jpeg2000.obj) : error LNK2019: 无法解析的外部符号 _jas_image_create，该符号在函数 "public: virtual bool __thiscall cv::Jpeg2KEncoder::write(class cv::Mat const &,class std::vector<int,class std::allocator<int> > const &)" (?write@Jpeg2KEncoder@cv@@UAE_NABVMat@2@ABV?$vector@HV?$allocator@H@std@@@std@@@Z) 中被引用
     1>opencv_highgui2410d.lib(grfmt_jpeg2000.obj) : error LNK2019: 无法解析的外部符号 _jas_image_destroy，该符号在函数 "public: void __thiscall cv::Jpeg2KDecoder::close(void)" (?close@Jpeg2KDecoder@cv@@QAEXXZ) 中被引用
     1>opencv_highgui2410d.lib(grfmt_jpeg2000.obj) : error LNK2019: 无法解析的外部符号 _jas_image_decode，该符号在函数 "public: virtual bool __thiscall cv::Jpeg2KDecoder::readHeader(void)" (?readHeader@Jpeg2KDecoder@cv@@UAE_NXZ) 中被引用
     1>opencv_highgui2410d.lib(grfmt_jpeg2000.obj) : error LNK2019: 无法解析的外部符号 _jas_image_encode，该符号在函数 "public: virtual bool __thiscall cv::Jpeg2KEncoder::write(class cv::Mat const &,class std::vector<int,class std::allocator<int> > const &)" (?write@Jpeg2KEncoder@cv@@UAE_NABVMat@2@ABV?$vector@HV?$allocator@H@std@@@std@@@Z) 中被引用
     1>opencv_highgui2410d.lib(grfmt_jpeg2000.obj) : error LNK2019: 无法解析的外部符号 _jas_image_readcmpt，该符号在函数 "public: virtual bool __thiscall cv::Jpeg2KDecoder::readData(class cv::Mat &)" (?readData@Jpeg2KDecoder@cv@@UAE_NAAVMat@2@@Z) 中被引用
     1>opencv_highgui2410d.lib(grfmt_jpeg2000.obj) : error LNK2019: 无法解析的外部符号 _jas_image_writecmpt，该符号在函数 "protected: bool __thiscall cv::Jpeg2KEncoder::writeComponent16u(void *,class cv::Mat const &)" (?writeComponent16u@Jpeg2KEncoder@cv@@IAE_NPAXABVMat@2@@Z) 中被引用
     1>opencv_highgui2410d.lib(grfmt_jpeg2000.obj) : error LNK2019: 无法解析的外部符号 _jas_image_getcmptbytype，该符号在函数 "public: virtual bool __thiscall cv::Jpeg2KDecoder::readData(class cv::Mat &)" (?readData@Jpeg2KDecoder@cv@@UAE_NAAVMat@2@@Z) 中被引用
     1>opencv_highgui2410d.lib(grfmt_jpeg2000.obj) : error LNK2019: 无法解析的外部符号 _jas_image_strtofmt，该符号在函数 "public: virtual bool __thiscall cv::Jpeg2KEncoder::write(class cv::Mat const &,class std::vector<int,class std::allocator<int> > const &)" (?write@Jpeg2KEncoder@cv@@UAE_NABVMat@2@ABV?$vector@HV?$allocator@H@std@@@std@@@Z) 中被引用
     1>opencv_highgui2410d.lib(grfmt_jpeg2000.obj) : error LNK2019: 无法解析的外部符号 _jas_image_chclrspc，该符号在函数 "public: virtual bool __thiscall cv::Jpeg2KDecoder::readData(class cv::Mat &)" (?readData@Jpeg2KDecoder@cv@@UAE_NAAVMat@2@@Z) 中被引用
     1>opencv_highgui2410d.lib(grfmt_exr.obj) : error LNK2019: 无法解析的外部符号 "public: __thiscall Imf::Header::Header(int,int,float,class Imath::Vec2<float> const &,float,enum Imf::LineOrder,enum Imf::Compression)" (??0Header@Imf@@QAE@HHMABV?$Vec2@M@Imath@@MW4LineOrder@1@W4Compression@1@@Z)，该符号在函数 "public: virtual bool __thiscall cv::ExrEncoder::write(class cv::Mat const &,class std::vector<int,class std::allocator<int> > const &)" (?write@ExrEncoder@cv@@UAE_NABVMat@2@ABV?$vector@HV?$allocator@H@std@@@std@@@Z) 中被引用
     1>opencv_highgui2410d.lib(grfmt_exr.obj) : error LNK2019: 无法解析的外部符号 "public: __thiscall Imf::Header::~Header(void)" (??1Header@Imf@@QAE@XZ)，该符号在函数 __catch$?write@ExrEncoder@cv@@UAE_NABVMat@2@ABV?$vector@HV?$allocator@H@std@@@std@@@Z$2 中被引用
     1>opencv_highgui2410d.lib(grfmt_exr.obj) : error LNK2019: 无法解析的外部符号 "public: class Imath::Box<class Imath::Vec2<int> > const & __thiscall Imf::Header::dataWindow(void)const " (?dataWindow@Header@Imf@@QBEABV?$Box@V?$Vec2@H@Imath@@@Imath@@XZ)，该符号在函数 "public: virtual bool __thiscall cv::ExrDecoder::readHeader(void)" (?readHeader@ExrDecoder@cv@@UAE_NXZ) 中被引用
     1>opencv_highgui2410d.lib(grfmt_exr.obj) : error LNK2019: 无法解析的外部符号 "public: class Imf::ChannelList & __thiscall Imf::Header::channels(void)" (?channels@Header@Imf@@QAEAAVChannelList@2@XZ)，该符号在函数 "public: virtual bool __thiscall cv::ExrEncoder::write(class cv::Mat const &,class std::vector<int,class std::allocator<int> > const &)" (?write@ExrEncoder@cv@@UAE_NABVMat@2@ABV?$vector@HV?$allocator@H@std@@@std@@@Z) 中被引用
     1>opencv_highgui2410d.lib(grfmt_exr.obj) : error LNK2019: 无法解析的外部符号 "public: class Imf::ChannelList const & __thiscall Imf::Header::channels(void)const " (?channels@Header@Imf@@QBEABVChannelList@2@XZ)，该符号在函数 "public: virtual bool __thiscall cv::ExrDecoder::readHeader(void)" (?readHeader@ExrDecoder@cv@@UAE_NXZ) 中被引用
     1>opencv_highgui2410d.lib(grfmt_exr.obj) : error LNK2019: 无法解析的外部符号 "public: __thiscall Imf::Slice::Slice(enum Imf::PixelType,char *,unsigned int,unsigned int,int,int,double,bool,bool)" (??0Slice@Imf@@QAE@W4PixelType@1@PADIIHHN_N2@Z)，该符号在函数 "public: virtual bool __thiscall cv::ExrDecoder::readData(class cv::Mat &)" (?readData@ExrDecoder@cv@@UAE_NAAVMat@2@@Z) 中被引用
     1>opencv_highgui2410d.lib(grfmt_exr.obj) : error LNK2019: 无法解析的外部符号 "public: void __thiscall Imf::FrameBuffer::insert(char const * const,struct Imf::Slice const &)" (?insert@FrameBuffer@Imf@@QAEXQBDABUSlice@2@@Z)，该符号在函数 "public: virtual bool __thiscall cv::ExrDecoder::readData(class cv::Mat &)" (?readData@ExrDecoder@cv@@UAE_NAAVMat@2@@Z) 中被引用
     1>opencv_highgui2410d.lib(grfmt_exr.obj) : error LNK2019: 无法解析的外部符号 "int __cdecl Imf::globalThreadCount(void)" (?globalThreadCount@Imf@@YAHXZ)，该符号在函数 "public: virtual bool __thiscall cv::ExrDecoder::readHeader(void)" (?readHeader@ExrDecoder@cv@@UAE_NXZ) 中被引用
     1>opencv_highgui2410d.lib(grfmt_exr.obj) : error LNK2019: 无法解析的外部符号 "public: __thiscall Imf::InputFile::InputFile(char const * const,int)" (??0InputFile@Imf@@QAE@QBDH@Z)，该符号在函数 "public: virtual bool __thiscall cv::ExrDecoder::readHeader(void)" (?readHeader@ExrDecoder@cv@@UAE_NXZ) 中被引用
     1>opencv_highgui2410d.lib(grfmt_exr.obj) : error LNK2019: 无法解析的外部符号 "public: class Imf::Header const & __thiscall Imf::InputFile::header(void)const " (?header@InputFile@Imf@@QBEABVHeader@2@XZ)，该符号在函数 "public: virtual bool __thiscall cv::ExrDecoder::readHeader(void)" (?readHeader@ExrDecoder@cv@@UAE_NXZ) 中被引用
     1>opencv_highgui2410d.lib(grfmt_exr.obj) : error LNK2019: 无法解析的外部符号 "public: void __thiscall Imf::InputFile::setFrameBuffer(class Imf::FrameBuffer const &)" (?setFrameBuffer@InputFile@Imf@@QAEXABVFrameBuffer@2@@Z)，该符号在函数 "public: virtual bool __thiscall cv::ExrDecoder::readData(class cv::Mat &)" (?readData@ExrDecoder@cv@@UAE_NAAVMat@2@@Z) 中被引用
     1>opencv_highgui2410d.lib(grfmt_exr.obj) : error LNK2019: 无法解析的外部符号 "public: void __thiscall Imf::InputFile::readPixels(int,int)" (?readPixels@InputFile@Imf@@QAEXHH@Z)，该符号在函数 "public: virtual bool __thiscall cv::ExrDecoder::readData(class cv::Mat &)" (?readData@ExrDecoder@cv@@UAE_NAAVMat@2@@Z) 中被引用
     1>opencv_highgui2410d.lib(grfmt_exr.obj) : error LNK2019: 无法解析的外部符号 "public: __thiscall Imf::OutputFile::OutputFile(char const * const,class Imf::Header const &,int)" (??0OutputFile@Imf@@QAE@QBDABVHeader@1@H@Z)，该符号在函数 "public: virtual bool __thiscall cv::ExrEncoder::write(class cv::Mat const &,class std::vector<int,class std::allocator<int> > const &)" (?write@ExrEncoder@cv@@UAE_NABVMat@2@ABV?$vector@HV?$allocator@H@std@@@std@@@Z) 中被引用
     1>opencv_highgui2410d.lib(grfmt_exr.obj) : error LNK2019: 无法解析的外部符号 "public: virtual __thiscall Imf::OutputFile::~OutputFile(void)" (??1OutputFile@Imf@@UAE@XZ)，该符号在函数 __catch$?write@ExrEncoder@cv@@UAE_NABVMat@2@ABV?$vector@HV?$allocator@H@std@@@std@@@Z$2 中被引用
     1>opencv_highgui2410d.lib(grfmt_exr.obj) : error LNK2019: 无法解析的外部符号 "public: void __thiscall Imf::OutputFile::setFrameBuffer(class Imf::FrameBuffer const &)" (?setFrameBuffer@OutputFile@Imf@@QAEXABVFrameBuffer@2@@Z)，该符号在函数 "public: virtual bool __thiscall cv::ExrEncoder::write(class cv::Mat const &,class std::vector<int,class std::allocator<int> > const &)" (?write@ExrEncoder@cv@@UAE_NABVMat@2@ABV?$vector@HV?$allocator@H@std@@@std@@@Z) 中被引用
     1>opencv_highgui2410d.lib(grfmt_exr.obj) : error LNK2019: 无法解析的外部符号 "public: void __thiscall Imf::OutputFile::writePixels(int)" (?writePixels@OutputFile@Imf@@QAEXH@Z)，该符号在函数 "public: virtual bool __thiscall cv::ExrEncoder::write(class cv::Mat const &,class std::vector<int,class std::allocator<int> > const &)" (?write@ExrEncoder@cv@@UAE_NABVMat@2@ABV?$vector@HV?$allocator@H@std@@@std@@@Z) 中被引用
     1>opencv_highgui2410d.lib(grfmt_exr.obj) : error LNK2019: 无法解析的外部符号 "public: __thiscall Imf::Channel::Channel(enum Imf::PixelType,int,int,bool)" (??0Channel@Imf@@QAE@W4PixelType@1@HH_N@Z)，该符号在函数 "public: virtual bool __thiscall cv::ExrEncoder::write(class cv::Mat const &,class std::vector<int,class std::allocator<int> > const &)" (?write@ExrEncoder@cv@@UAE_NABVMat@2@ABV?$vector@HV?$allocator@H@std@@@std@@@Z) 中被引用
     1>opencv_highgui2410d.lib(grfmt_exr.obj) : error LNK2019: 无法解析的外部符号 "public: void __thiscall Imf::ChannelList::insert(char const * const,struct Imf::Channel const &)" (?insert@ChannelList@Imf@@QAEXQBDABUChannel@2@@Z)，该符号在函数 "public: virtual bool __thiscall cv::ExrEncoder::write(class cv::Mat const &,class std::vector<int,class std::allocator<int> > const &)" (?write@ExrEncoder@cv@@UAE_NABVMat@2@ABV?$vector@HV?$allocator@H@std@@@std@@@Z) 中被引用
     1>opencv_highgui2410d.lib(grfmt_exr.obj) : error LNK2019: 无法解析的外部符号 "public: struct Imf::Channel const * __thiscall Imf::ChannelList::findChannel(char const * const)const " (?findChannel@ChannelList@Imf@@QBEPBUChannel@2@QBD@Z)，该符号在函数 "public: virtual bool __thiscall cv::ExrDecoder::readHeader(void)" (?readHeader@ExrDecoder@cv@@UAE_NXZ) 中被引用
     1>opencv_highgui2410d.lib(grfmt_exr.obj) : error LNK2019: 无法解析的外部符号 "private: static short __cdecl half::convert(int)" (?convert@half@@CAFH@Z)，该符号在函数 "public: __thiscall half::half(float)" (??0half@@QAE@M@Z) 中被引用
     1>opencv_highgui2410d.lib(grfmt_exr.obj) : error LNK2019: 无法解析的外部符号 "public: __thiscall Imf::Chromaticities::Chromaticities(class Imath::Vec2<float> const &,class Imath::Vec2<float> const &,class Imath::Vec2<float> const &,class Imath::Vec2<float> const &)" (??0Chromaticities@Imf@@QAE@ABV?$Vec2@M@Imath@@000@Z)，该符号在函数 "public: __thiscall cv::ExrDecoder::ExrDecoder(void)" (??0ExrDecoder@cv@@QAE@XZ) 中被引用
     1>opencv_highgui2410d.lib(grfmt_exr.obj) : error LNK2019: 无法解析的外部符号 "bool __cdecl Imf::hasChromaticities(class Imf::Header const &)" (?hasChromaticities@Imf@@YA_NABVHeader@1@@Z)，该符号在函数 "public: virtual bool __thiscall cv::ExrDecoder::readHeader(void)" (?readHeader@ExrDecoder@cv@@UAE_NXZ) 中被引用
     1>opencv_highgui2410d.lib(grfmt_exr.obj) : error LNK2019: 无法解析的外部符号 "struct Imf::Chromaticities const & __cdecl Imf::chromaticities(class Imf::Header const &)" (?chromaticities@Imf@@YAABUChromaticities@1@ABVHeader@1@@Z)，该符号在函数 "public: virtual bool __thiscall cv::ExrDecoder::readHeader(void)" (?readHeader@ExrDecoder@cv@@UAE_NXZ) 中被引用
     1>opencv_highgui2410d.lib(grfmt_exr.obj) : error LNK2001: 无法解析的外部符号 "private: static unsigned short const * const half::_eLut" (?_eLut@half@@0QBGB)
     1>F:\OpenCV\Project2016\practices\VideoBGS\Debug\VideoBGS.exe : fatal error LNK1120: 134 个无法解析的外部命令
     1>已完成生成项目“F:\OpenCV\Project2016\practices\VideoBGS\VideoBGS\VideoBGS.vcxproj”(Rebuild 个目标)的操作 - 失败。

生成失败。

已用时间 00:00:01.66
